<?xml version="1.0" encoding="UTF-8"?>
<!-- Generated by org.testng.reporters.JUnitReportReporter -->
<testsuite hostname="DESKTOP-5U94918" failures="0" tests="1" name="TC_01.Vtiger" time="28.139" errors="0" timestamp="2025-03-01T17:12:29 IST" skipped="0">
  <testcase classname="TC_01.Vtiger" name="testCase_1" time="28.139"/>
  <system-out>
    <![CDATA[Iam in Vtiger Home Page...!]]>
  </system-out>
</testsuite> <!-- TC_01.Vtiger -->
