<?xml version="1.0" encoding="UTF-8"?>
<!-- Generated by org.testng.reporters.JUnitReportReporter -->
<testsuite hostname="DESKTOP-5U94918" failures="0" tests="1" name="DWS_MOCK.DynamicWAy" time="10.637" errors="0" timestamp="2025-03-02T12:13:31 IST" skipped="0">
  <testcase classname="DWS_MOCK.DynamicWAy" name="run" time="10.637"/>
  <system-out/>
</testsuite> <!-- DWS_MOCK.DynamicWAy -->
